<?xml version="1.0" encoding="UTF-8"?>
<robot generator="Robot 6.0.1 (Python 3.11.0 on win32)" generated="20221126 13:58:11.763" rpa="false" schemaversion="3">
<suite id="s1" name="Amazon Testes" source="C:\ProjetoAmazon\WebTesting\amazon_testes.robot">
<test id="s1-t1" name="Caso de teste 02 : Pesquisa de Produto" line="16">
<kw name="Abrir o Navegador" library="amazon_resoucers" type="SETUP">
<kw name="Open Browser" library="SeleniumLibrary">
<arg>browser=${BROWSER}</arg>
<doc>Opens a new browser instance to the optional ``url``.</doc>
<msg timestamp="20221126 13:58:12.324" level="INFO">Opening browser 'chrome' to base url 'None'.</msg>
<status status="PASS" starttime="20221126 13:58:12.324" endtime="20221126 13:58:14.437"/>
</kw>
<kw name="Maximize Browser Window" library="SeleniumLibrary">
<doc>Maximizes current browser window.</doc>
<status status="PASS" starttime="20221126 13:58:14.437" endtime="20221126 13:58:14.557"/>
</kw>
<status status="PASS" starttime="20221126 13:58:12.324" endtime="20221126 13:58:14.557"/>
</kw>
<kw name="Dado que esteja na pagina da Amazom.com.br" library="amazon_resoucers">
<kw name="Go To" library="SeleniumLibrary">
<arg>${URL}</arg>
<doc>Navigates the current browser window to the provided ``url``.</doc>
<msg timestamp="20221126 13:58:14.560" level="INFO">Opening url 'https://www.amazon.com.br'</msg>
<status status="PASS" starttime="20221126 13:58:14.560" endtime="20221126 13:58:16.900"/>
</kw>
<kw name="Wait Until Element Is Visible" library="SeleniumLibrary">
<arg>locator=${LOGO}</arg>
<doc>Waits until the element ``locator`` is visible.</doc>
<status status="PASS" starttime="20221126 13:58:16.902" endtime="20221126 13:58:17.080"/>
</kw>
<status status="PASS" starttime="20221126 13:58:14.560" endtime="20221126 13:58:17.080"/>
</kw>
<kw name="Quando pesquiso por &quot;Xbox series s&quot;" library="amazon_resoucers" sourcename="Quando pesquiso por &quot;${PRODUTO}&quot;">
<kw name="Element Should Be Visible" library="SeleniumLibrary">
<arg>locator=${CAMPO_BUSCA}</arg>
<doc>Verifies that the element identified by ``locator`` is visible.</doc>
<msg timestamp="20221126 13:58:17.112" level="INFO">Element 'twotabsearchtextbox' is displayed.</msg>
<status status="PASS" starttime="20221126 13:58:17.080" endtime="20221126 13:58:17.112"/>
</kw>
<kw name="Input Text" library="SeleniumLibrary">
<arg>locator=${CAMPO_BUSCA}</arg>
<arg>text=${PRODUTO}</arg>
<doc>Types the given ``text`` into the text field identified by ``locator``.</doc>
<msg timestamp="20221126 13:58:17.113" level="INFO">Typing text 'Xbox series s' into text field 'twotabsearchtextbox'.</msg>
<status status="PASS" starttime="20221126 13:58:17.112" endtime="20221126 13:58:17.384"/>
</kw>
<status status="PASS" starttime="20221126 13:58:17.080" endtime="20221126 13:58:17.384"/>
</kw>
<kw name=" E clico no botão de pesquisa" library="amazon_resoucers">
<kw name="Click Element" library="SeleniumLibrary">
<arg>locator=${BTN_BUSCA}</arg>
<doc>Click the element identified by ``locator``.</doc>
<msg timestamp="20221126 13:58:17.384" level="INFO">Clicking element 'nav-search-submit-button'.</msg>
<status status="PASS" starttime="20221126 13:58:17.384" endtime="20221126 13:58:17.572"/>
</kw>
<status status="PASS" starttime="20221126 13:58:17.384" endtime="20221126 13:58:17.572"/>
</kw>
<kw name="Então verifico o resultado da pesquisa se esta listando o produto &quot;Console Xbox Series S&quot;" library="amazon_resoucers" sourcename="Então verifico o resultado da pesquisa se esta listando o produto &quot;${PRODUTO}&quot;">
<kw name="Wait Until Element Is Visible" library="SeleniumLibrary">
<arg>locator=//span[@class='a-size-base-plus a-color-base a-text-normal'][contains(.,'${PRODUTO}')]</arg>
<doc>Waits until the element ``locator`` is visible.</doc>
<status status="PASS" starttime="20221126 13:58:17.575" endtime="20221126 13:58:18.749"/>
</kw>
<status status="PASS" starttime="20221126 13:58:17.572" endtime="20221126 13:58:18.750"/>
</kw>
<kw name="Fechar o Navegador" library="amazon_resoucers" type="TEARDOWN">
<kw name="Capture Page Screenshot" library="SeleniumLibrary">
<doc>Takes a screenshot of the current page and embeds it into a log file.</doc>
<msg timestamp="20221126 13:58:19.282" level="INFO" html="true">&lt;/td&gt;&lt;/tr&gt;&lt;tr&gt;&lt;td colspan="3"&gt;&lt;a href="selenium-screenshot-83.png"&gt;&lt;img src="selenium-screenshot-83.png" width="800px"&gt;&lt;/a&gt;</msg>
<status status="PASS" starttime="20221126 13:58:18.750" endtime="20221126 13:58:19.282"/>
</kw>
<kw name="Close Browser" library="SeleniumLibrary">
<doc>Closes the current browser.</doc>
<status status="PASS" starttime="20221126 13:58:19.282" endtime="20221126 13:58:21.656"/>
</kw>
<status status="PASS" starttime="20221126 13:58:18.750" endtime="20221126 13:58:21.656"/>
</kw>
<doc>Esse teste verifica a busca e a certificação do produto</doc>
<tag>Busca</tag>
<status status="PASS" starttime="20221126 13:58:12.324" endtime="20221126 13:58:21.656"/>
</test>
<doc>Essa suite testa o site da Amazom.com.br</doc>
<status status="PASS" starttime="20221126 13:58:11.763" endtime="20221126 13:58:21.656"/>
</suite>
<statistics>
<total>
<stat pass="1" fail="0" skip="0">All Tests</stat>
</total>
<tag>
<stat pass="1" fail="0" skip="0">Busca</stat>
</tag>
<suite>
<stat pass="1" fail="0" skip="0" id="s1" name="Amazon Testes">Amazon Testes</stat>
</suite>
</statistics>
<errors>
</errors>
</robot>
